<?xml version="1.0" encoding="UTF-8"?>
<!-- Generated by org.testng.reporters.JUnitReportReporter -->
<testsuite skipped="0" hostname="Prdxn-71" name="com.pack.scripts.REFID" tests="1" failures="0" timestamp="20 Mar 2019 13:55:13 GMT" time="21.611" errors="0">
  <testcase name="REFIDCheck" time="21.611" classname="com.pack.scripts.REFID"/>
</testsuite> <!-- com.pack.scripts.REFID -->
