<?xml version="1.0" encoding="UTF-8"?>
<!-- Generated by org.testng.reporters.JUnitReportReporter -->
<testsuite skipped="0" hostname="Prdxn-71" name="com.pack.scripts.Youtube" tests="1" failures="0" timestamp="15 Mar 2019 14:35:06 GMT" time="71.075" errors="0">
  <testcase name="testvideo" time="71.075" classname="com.pack.scripts.Youtube"/>
</testsuite> <!-- com.pack.scripts.Youtube -->
