<?xml version="1.0" encoding="UTF-8"?>
<!-- Generated by org.testng.reporters.JUnitReportReporter -->
<testsuite skipped="0" hostname="Prdxn-71" name="com.pack.scripts.ContextClick" tests="1" failures="0" timestamp="14 Mar 2019 07:49:02 GMT" time="9.355" errors="0">
  <testcase name="contextClick" time="9.355" classname="com.pack.scripts.ContextClick"/>
</testsuite> <!-- com.pack.scripts.ContextClick -->
