<?xml version="1.0" encoding="UTF-8"?>
<!-- Generated by org.testng.reporters.JUnitReportReporter -->
<testsuite skipped="0" hostname="Prdxn-71" name="com.pack.scripts.Evidon" tests="1" failures="0" timestamp="22 Mar 2019 06:41:05 GMT" time="73.939" errors="0">
  <testcase name="testevidon" time="73.939" classname="com.pack.scripts.Evidon"/>
</testsuite> <!-- com.pack.scripts.Evidon -->
