<?xml version="1.0" encoding="UTF-8"?>
<testsuite xmlns:xsi="http://www.w3.org/2001/XMLSchema-instance" xsi:noNamespaceSchemaLocation="https://maven.apache.org/surefire/maven-surefire-plugin/xsd/surefire-test-report.xsd" name="TestSuite" time="3.43" tests="1" errors="0" skipped="0" failures="1">
  <properties>
    <property name="sun.desktop" value="windows"/>
    <property name="awt.toolkit" value="sun.awt.windows.WToolkit"/>
    <property name="file.encoding.pkg" value="sun.io"/>
    <property name="java.specification.version" value="1.8"/>
    <property name="sun.cpu.isalist" value="amd64"/>
    <property name="sun.jnu.encoding" value="Cp1252"/>
    <property name="java.class.path" value="C:\Users\prdxn71\eclipse-workspace\Test\Artifact1\target\test-classes;C:\Users\prdxn71\eclipse-workspace\Test\Artifact1\target\classes;C:\Users\prdxn71\.m2\repository\ru\yandex\qatools\allure\allure-testng-adaptor\1.5.3\allure-testng-adaptor-1.5.3.jar;C:\Users\prdxn71\.m2\repository\ru\yandex\qatools\allure\allure-java-aspects\1.5.3\allure-java-aspects-1.5.3.jar;C:\Users\prdxn71\.m2\repository\ru\yandex\qatools\allure\allure-java-adaptor-api\1.5.3\allure-java-adaptor-api-1.5.3.jar;C:\Users\prdxn71\.m2\repository\ru\yandex\qatools\allure\allure-java-annotations\1.5.3\allure-java-annotations-1.5.3.jar;C:\Users\prdxn71\.m2\repository\ru\yandex\qatools\allure\allure-model\1.5.3\allure-model-1.5.3.jar;C:\Users\prdxn71\.m2\repository\org\jvnet\jaxb2_commons\jaxb2-basics-runtime\0.9.3\jaxb2-basics-runtime-0.9.3.jar;C:\Users\prdxn71\.m2\repository\ru\qatools\commons\properties\2.0.RC5\properties-2.0.RC5.jar;C:\Users\prdxn71\.m2\repository\org\slf4j\slf4j-api\1.7.12\slf4j-api-1.7.12.jar;C:\Users\prdxn71\.m2\repository\org\apache\tika\tika-core\1.7\tika-core-1.7.jar;C:\Users\prdxn71\.m2\repository\org\aspectj\aspectjrt\1.8.3\aspectjrt-1.8.3.jar;C:\Users\prdxn71\.m2\repository\io\appium\java-client\6.1.0\java-client-6.1.0.jar;C:\Users\prdxn71\.m2\repository\org\seleniumhq\selenium\selenium-support\3.12.0\selenium-support-3.12.0.jar;C:\Users\prdxn71\.m2\repository\org\seleniumhq\selenium\selenium-api\3.12.0\selenium-api-3.12.0.jar;C:\Users\prdxn71\.m2\repository\com\google\code\gson\gson\2.8.4\gson-2.8.4.jar;C:\Users\prdxn71\.m2\repository\org\apache\httpcomponents\httpclient\4.5.5\httpclient-4.5.5.jar;C:\Users\prdxn71\.m2\repository\cglib\cglib\3.2.6\cglib-3.2.6.jar;C:\Users\prdxn71\.m2\repository\org\ow2\asm\asm\6.0\asm-6.0.jar;C:\Users\prdxn71\.m2\repository\commons-validator\commons-validator\1.6\commons-validator-1.6.jar;C:\Users\prdxn71\.m2\repository\commons-beanutils\commons-beanutils\1.9.2\commons-beanutils-1.9.2.jar;C:\Users\prdxn71\.m2\repository\commons-digester\commons-digester\1.8.1\commons-digester-1.8.1.jar;C:\Users\prdxn71\.m2\repository\commons-collections\commons-collections\3.2.2\commons-collections-3.2.2.jar;C:\Users\prdxn71\.m2\repository\org\apache\commons\commons-lang3\3.7\commons-lang3-3.7.jar;C:\Users\prdxn71\.m2\repository\commons-io\commons-io\2.6\commons-io-2.6.jar;C:\Users\prdxn71\.m2\repository\org\springframework\spring-context\5.0.5.RELEASE\spring-context-5.0.5.RELEASE.jar;C:\Users\prdxn71\.m2\repository\org\springframework\spring-aop\5.0.5.RELEASE\spring-aop-5.0.5.RELEASE.jar;C:\Users\prdxn71\.m2\repository\org\springframework\spring-beans\5.0.5.RELEASE\spring-beans-5.0.5.RELEASE.jar;C:\Users\prdxn71\.m2\repository\org\springframework\spring-core\5.0.5.RELEASE\spring-core-5.0.5.RELEASE.jar;C:\Users\prdxn71\.m2\repository\org\springframework\spring-jcl\5.0.5.RELEASE\spring-jcl-5.0.5.RELEASE.jar;C:\Users\prdxn71\.m2\repository\org\springframework\spring-expression\5.0.5.RELEASE\spring-expression-5.0.5.RELEASE.jar;C:\Users\prdxn71\.m2\repository\org\aspectj\aspectjweaver\1.9.1\aspectjweaver-1.9.1.jar;C:\Users\prdxn71\.m2\repository\org\openpnp\opencv\3.2.0-1\opencv-3.2.0-1.jar;C:\Users\prdxn71\.m2\repository\org\seleniumhq\selenium\selenium-java\3.13.0\selenium-java-3.13.0.jar;C:\Users\prdxn71\.m2\repository\org\seleniumhq\selenium\selenium-chrome-driver\3.13.0\selenium-chrome-driver-3.13.0.jar;C:\Users\prdxn71\.m2\repository\org\seleniumhq\selenium\selenium-edge-driver\3.13.0\selenium-edge-driver-3.13.0.jar;C:\Users\prdxn71\.m2\repository\org\seleniumhq\selenium\selenium-firefox-driver\3.13.0\selenium-firefox-driver-3.13.0.jar;C:\Users\prdxn71\.m2\repository\org\seleniumhq\selenium\selenium-ie-driver\3.13.0\selenium-ie-driver-3.13.0.jar;C:\Users\prdxn71\.m2\repository\org\seleniumhq\selenium\selenium-opera-driver\3.13.0\selenium-opera-driver-3.13.0.jar;C:\Users\prdxn71\.m2\repository\org\seleniumhq\selenium\selenium-remote-driver\3.13.0\selenium-remote-driver-3.13.0.jar;C:\Users\prdxn71\.m2\repository\org\seleniumhq\selenium\selenium-safari-driver\3.13.0\selenium-safari-driver-3.13.0.jar;C:\Users\prdxn71\.m2\repository\net\bytebuddy\byte-buddy\1.8.3\byte-buddy-1.8.3.jar;C:\Users\prdxn71\.m2\repository\org\apache\commons\commons-exec\1.3\commons-exec-1.3.jar;C:\Users\prdxn71\.m2\repository\commons-codec\commons-codec\1.10\commons-codec-1.10.jar;C:\Users\prdxn71\.m2\repository\commons-logging\commons-logging\1.2\commons-logging-1.2.jar;C:\Users\prdxn71\.m2\repository\com\google\guava\guava\25.0-jre\guava-25.0-jre.jar;C:\Users\prdxn71\.m2\repository\com\google\code\findbugs\jsr305\1.3.9\jsr305-1.3.9.jar;C:\Users\prdxn71\.m2\repository\org\checkerframework\checker-compat-qual\2.0.0\checker-compat-qual-2.0.0.jar;C:\Users\prdxn71\.m2\repository\com\google\errorprone\error_prone_annotations\2.1.3\error_prone_annotations-2.1.3.jar;C:\Users\prdxn71\.m2\repository\com\google\j2objc\j2objc-annotations\1.1\j2objc-annotations-1.1.jar;C:\Users\prdxn71\.m2\repository\org\codehaus\mojo\animal-sniffer-annotations\1.14\animal-sniffer-annotations-1.14.jar;C:\Users\prdxn71\.m2\repository\org\apache\httpcomponents\httpcore\4.4.9\httpcore-4.4.9.jar;C:\Users\prdxn71\.m2\repository\com\squareup\okhttp3\okhttp\3.10.0\okhttp-3.10.0.jar;C:\Users\prdxn71\.m2\repository\com\squareup\okio\okio\1.14.1\okio-1.14.1.jar;C:\Users\prdxn71\.m2\repository\org\testng\testng\6.9.9\testng-6.9.9.jar;C:\Users\prdxn71\.m2\repository\junit\junit\4.10\junit-4.10.jar;C:\Users\prdxn71\.m2\repository\org\hamcrest\hamcrest-core\1.1\hamcrest-core-1.1.jar;C:\Users\prdxn71\.m2\repository\com\beust\jcommander\1.48\jcommander-1.48.jar;C:\Users\prdxn71\.m2\repository\org\apache\ant\ant\1.7.0\ant-1.7.0.jar;C:\Users\prdxn71\.m2\repository\org\apache\ant\ant-launcher\1.7.0\ant-launcher-1.7.0.jar;C:\Users\prdxn71\.m2\repository\org\yaml\snakeyaml\1.15\snakeyaml-1.15.jar;C:\Users\prdxn71\.m2\repository\org\beanshell\bsh\2.0b4\bsh-2.0b4.jar;C:\Users\prdxn71\.m2\repository\org\apache\maven\surefire\surefire-testng-utils\2.20.1\surefire-testng-utils-2.20.1.jar;C:\Users\prdxn71\.m2\repository\org\apache\maven\surefire\surefire-grouper\2.20.1\surefire-grouper-2.20.1.jar;"/>
    <property name="java.vm.vendor" value="Oracle Corporation"/>
    <property name="sun.arch.data.model" value="64"/>
    <property name="user.variant" value=""/>
    <property name="java.vendor.url" value="http://java.oracle.com/"/>
    <property name="user.timezone" value=""/>
    <property name="java.vm.specification.version" value="1.8"/>
    <property name="os.name" value="Windows 10"/>
    <property name="user.country" value="US"/>
    <property name="sun.java.launcher" value="SUN_STANDARD"/>
    <property name="sun.boot.library.path" value="C:\Program Files\Java\jdk1.8.0_201\jre\bin"/>
    <property name="sun.java.command" value="C:\Users\prdxn71\AppData\Local\Temp\surefire8274721319244767098\surefirebooter7648801662323725089.jar C:\Users\prdxn71\AppData\Local\Temp\surefire8274721319244767098 2019-03-14T12-43-10_244-jvmRun1 surefire6927733509282258240tmp surefire_02163451811689687852tmp"/>
    <property name="surefire.test.class.path" value="C:\Users\prdxn71\eclipse-workspace\Test\Artifact1\target\test-classes;C:\Users\prdxn71\eclipse-workspace\Test\Artifact1\target\classes;C:\Users\prdxn71\.m2\repository\ru\yandex\qatools\allure\allure-testng-adaptor\1.5.3\allure-testng-adaptor-1.5.3.jar;C:\Users\prdxn71\.m2\repository\ru\yandex\qatools\allure\allure-java-aspects\1.5.3\allure-java-aspects-1.5.3.jar;C:\Users\prdxn71\.m2\repository\ru\yandex\qatools\allure\allure-java-adaptor-api\1.5.3\allure-java-adaptor-api-1.5.3.jar;C:\Users\prdxn71\.m2\repository\ru\yandex\qatools\allure\allure-java-annotations\1.5.3\allure-java-annotations-1.5.3.jar;C:\Users\prdxn71\.m2\repository\ru\yandex\qatools\allure\allure-model\1.5.3\allure-model-1.5.3.jar;C:\Users\prdxn71\.m2\repository\org\jvnet\jaxb2_commons\jaxb2-basics-runtime\0.9.3\jaxb2-basics-runtime-0.9.3.jar;C:\Users\prdxn71\.m2\repository\ru\qatools\commons\properties\2.0.RC5\properties-2.0.RC5.jar;C:\Users\prdxn71\.m2\repository\org\slf4j\slf4j-api\1.7.12\slf4j-api-1.7.12.jar;C:\Users\prdxn71\.m2\repository\org\apache\tika\tika-core\1.7\tika-core-1.7.jar;C:\Users\prdxn71\.m2\repository\org\aspectj\aspectjrt\1.8.3\aspectjrt-1.8.3.jar;C:\Users\prdxn71\.m2\repository\io\appium\java-client\6.1.0\java-client-6.1.0.jar;C:\Users\prdxn71\.m2\repository\org\seleniumhq\selenium\selenium-support\3.12.0\selenium-support-3.12.0.jar;C:\Users\prdxn71\.m2\repository\org\seleniumhq\selenium\selenium-api\3.12.0\selenium-api-3.12.0.jar;C:\Users\prdxn71\.m2\repository\com\google\code\gson\gson\2.8.4\gson-2.8.4.jar;C:\Users\prdxn71\.m2\repository\org\apache\httpcomponents\httpclient\4.5.5\httpclient-4.5.5.jar;C:\Users\prdxn71\.m2\repository\cglib\cglib\3.2.6\cglib-3.2.6.jar;C:\Users\prdxn71\.m2\repository\org\ow2\asm\asm\6.0\asm-6.0.jar;C:\Users\prdxn71\.m2\repository\commons-validator\commons-validator\1.6\commons-validator-1.6.jar;C:\Users\prdxn71\.m2\repository\commons-beanutils\commons-beanutils\1.9.2\commons-beanutils-1.9.2.jar;C:\Users\prdxn71\.m2\repository\commons-digester\commons-digester\1.8.1\commons-digester-1.8.1.jar;C:\Users\prdxn71\.m2\repository\commons-collections\commons-collections\3.2.2\commons-collections-3.2.2.jar;C:\Users\prdxn71\.m2\repository\org\apache\commons\commons-lang3\3.7\commons-lang3-3.7.jar;C:\Users\prdxn71\.m2\repository\commons-io\commons-io\2.6\commons-io-2.6.jar;C:\Users\prdxn71\.m2\repository\org\springframework\spring-context\5.0.5.RELEASE\spring-context-5.0.5.RELEASE.jar;C:\Users\prdxn71\.m2\repository\org\springframework\spring-aop\5.0.5.RELEASE\spring-aop-5.0.5.RELEASE.jar;C:\Users\prdxn71\.m2\repository\org\springframework\spring-beans\5.0.5.RELEASE\spring-beans-5.0.5.RELEASE.jar;C:\Users\prdxn71\.m2\repository\org\springframework\spring-core\5.0.5.RELEASE\spring-core-5.0.5.RELEASE.jar;C:\Users\prdxn71\.m2\repository\org\springframework\spring-jcl\5.0.5.RELEASE\spring-jcl-5.0.5.RELEASE.jar;C:\Users\prdxn71\.m2\repository\org\springframework\spring-expression\5.0.5.RELEASE\spring-expression-5.0.5.RELEASE.jar;C:\Users\prdxn71\.m2\repository\org\aspectj\aspectjweaver\1.9.1\aspectjweaver-1.9.1.jar;C:\Users\prdxn71\.m2\repository\org\openpnp\opencv\3.2.0-1\opencv-3.2.0-1.jar;C:\Users\prdxn71\.m2\repository\org\seleniumhq\selenium\selenium-java\3.13.0\selenium-java-3.13.0.jar;C:\Users\prdxn71\.m2\repository\org\seleniumhq\selenium\selenium-chrome-driver\3.13.0\selenium-chrome-driver-3.13.0.jar;C:\Users\prdxn71\.m2\repository\org\seleniumhq\selenium\selenium-edge-driver\3.13.0\selenium-edge-driver-3.13.0.jar;C:\Users\prdxn71\.m2\repository\org\seleniumhq\selenium\selenium-firefox-driver\3.13.0\selenium-firefox-driver-3.13.0.jar;C:\Users\prdxn71\.m2\repository\org\seleniumhq\selenium\selenium-ie-driver\3.13.0\selenium-ie-driver-3.13.0.jar;C:\Users\prdxn71\.m2\repository\org\seleniumhq\selenium\selenium-opera-driver\3.13.0\selenium-opera-driver-3.13.0.jar;C:\Users\prdxn71\.m2\repository\org\seleniumhq\selenium\selenium-remote-driver\3.13.0\selenium-remote-driver-3.13.0.jar;C:\Users\prdxn71\.m2\repository\org\seleniumhq\selenium\selenium-safari-driver\3.13.0\selenium-safari-driver-3.13.0.jar;C:\Users\prdxn71\.m2\repository\net\bytebuddy\byte-buddy\1.8.3\byte-buddy-1.8.3.jar;C:\Users\prdxn71\.m2\repository\org\apache\commons\commons-exec\1.3\commons-exec-1.3.jar;C:\Users\prdxn71\.m2\repository\commons-codec\commons-codec\1.10\commons-codec-1.10.jar;C:\Users\prdxn71\.m2\repository\commons-logging\commons-logging\1.2\commons-logging-1.2.jar;C:\Users\prdxn71\.m2\repository\com\google\guava\guava\25.0-jre\guava-25.0-jre.jar;C:\Users\prdxn71\.m2\repository\com\google\code\findbugs\jsr305\1.3.9\jsr305-1.3.9.jar;C:\Users\prdxn71\.m2\repository\org\checkerframework\checker-compat-qual\2.0.0\checker-compat-qual-2.0.0.jar;C:\Users\prdxn71\.m2\repository\com\google\errorprone\error_prone_annotations\2.1.3\error_prone_annotations-2.1.3.jar;C:\Users\prdxn71\.m2\repository\com\google\j2objc\j2objc-annotations\1.1\j2objc-annotations-1.1.jar;C:\Users\prdxn71\.m2\repository\org\codehaus\mojo\animal-sniffer-annotations\1.14\animal-sniffer-annotations-1.14.jar;C:\Users\prdxn71\.m2\repository\org\apache\httpcomponents\httpcore\4.4.9\httpcore-4.4.9.jar;C:\Users\prdxn71\.m2\repository\com\squareup\okhttp3\okhttp\3.10.0\okhttp-3.10.0.jar;C:\Users\prdxn71\.m2\repository\com\squareup\okio\okio\1.14.1\okio-1.14.1.jar;C:\Users\prdxn71\.m2\repository\org\testng\testng\6.9.9\testng-6.9.9.jar;C:\Users\prdxn71\.m2\repository\junit\junit\4.10\junit-4.10.jar;C:\Users\prdxn71\.m2\repository\org\hamcrest\hamcrest-core\1.1\hamcrest-core-1.1.jar;C:\Users\prdxn71\.m2\repository\com\beust\jcommander\1.48\jcommander-1.48.jar;C:\Users\prdxn71\.m2\repository\org\apache\ant\ant\1.7.0\ant-1.7.0.jar;C:\Users\prdxn71\.m2\repository\org\apache\ant\ant-launcher\1.7.0\ant-launcher-1.7.0.jar;C:\Users\prdxn71\.m2\repository\org\yaml\snakeyaml\1.15\snakeyaml-1.15.jar;C:\Users\prdxn71\.m2\repository\org\beanshell\bsh\2.0b4\bsh-2.0b4.jar;C:\Users\prdxn71\.m2\repository\org\apache\maven\surefire\surefire-testng-utils\2.20.1\surefire-testng-utils-2.20.1.jar;C:\Users\prdxn71\.m2\repository\org\apache\maven\surefire\surefire-grouper\2.20.1\surefire-grouper-2.20.1.jar;"/>
    <property name="sun.cpu.endian" value="little"/>
    <property name="user.home" value="C:\Users\prdxn71"/>
    <property name="user.language" value="en"/>
    <property name="java.specification.vendor" value="Oracle Corporation"/>
    <property name="java.home" value="C:\Program Files\Java\jdk1.8.0_201\jre"/>
    <property name="basedir" value="C:\Users\prdxn71\eclipse-workspace\Test\Artifact1"/>
    <property name="file.separator" value="\"/>
    <property name="line.separator" value="&#10;"/>
    <property name="java.vm.specification.vendor" value="Oracle Corporation"/>
    <property name="java.specification.name" value="Java Platform API Specification"/>
    <property name="java.awt.graphicsenv" value="sun.awt.Win32GraphicsEnvironment"/>
    <property name="surefire.real.class.path" value="C:\Users\prdxn71\AppData\Local\Temp\surefire8274721319244767098\surefirebooter7648801662323725089.jar;C:\Users\prdxn71\.m2\repository/org/aspectj/aspectjweaver/1.8.13/aspectjweaver-1.8.13.jar"/>
    <property name="sun.boot.class.path" value="C:\Program Files\Java\jdk1.8.0_201\jre\lib\resources.jar;C:\Program Files\Java\jdk1.8.0_201\jre\lib\rt.jar;C:\Program Files\Java\jdk1.8.0_201\jre\lib\sunrsasign.jar;C:\Program Files\Java\jdk1.8.0_201\jre\lib\jsse.jar;C:\Program Files\Java\jdk1.8.0_201\jre\lib\jce.jar;C:\Program Files\Java\jdk1.8.0_201\jre\lib\charsets.jar;C:\Program Files\Java\jdk1.8.0_201\jre\lib\jfr.jar;C:\Program Files\Java\jdk1.8.0_201\jre\classes"/>
    <property name="user.script" value=""/>
    <property name="sun.management.compiler" value="HotSpot 64-Bit Tiered Compilers"/>
    <property name="java.runtime.version" value="1.8.0_201-b09"/>
    <property name="user.name" value="prdxn71"/>
    <property name="path.separator" value=";"/>
    <property name="os.version" value="10.0"/>
    <property name="java.endorsed.dirs" value="C:\Program Files\Java\jdk1.8.0_201\jre\lib\endorsed"/>
    <property name="java.runtime.name" value="Java(TM) SE Runtime Environment"/>
    <property name="file.encoding" value="Cp1252"/>
    <property name="java.vm.name" value="Java HotSpot(TM) 64-Bit Server VM"/>
    <property name="localRepository" value="C:\Users\prdxn71\.m2\repository"/>
    <property name="java.vendor.url.bug" value="http://bugreport.sun.com/bugreport/"/>
    <property name="java.io.tmpdir" value="C:\Users\prdxn71\AppData\Local\Temp\"/>
    <property name="java.version" value="1.8.0_201"/>
    <property name="user.dir" value="C:\Users\prdxn71\eclipse-workspace\Test\Artifact1"/>
    <property name="os.arch" value="amd64"/>
    <property name="java.vm.specification.name" value="Java Virtual Machine Specification"/>
    <property name="java.awt.printerjob" value="sun.awt.windows.WPrinterJob"/>
    <property name="sun.os.patch.level" value=""/>
    <property name="java.library.path" value="C:\Program Files\Java\jdk1.8.0_201\jre\bin;C:\WINDOWS\Sun\Java\bin;C:\WINDOWS\system32;C:\WINDOWS;C:/Program Files/Java/jre1.8.0_201/bin/server;C:/Program Files/Java/jre1.8.0_201/bin;C:/Program Files/Java/jre1.8.0_201/lib/amd64;C:\Program Files (x86)\Common Files\Oracle\Java\javapath;C:\WINDOWS\system32;C:\WINDOWS;C:\WINDOWS\System32\Wbem;C:\WINDOWS\System32\WindowsPowerShell\v1.0\;C:\WINDOWS\System32\OpenSSH\;C:\Program Files\Java\jdk1.8.0_201\bin;C:\Users\prdxn71\AppData\Local\Microsoft\WindowsApps;;C:\Users\prdxn71\Desktop;;."/>
    <property name="java.vm.info" value="mixed mode"/>
    <property name="java.vendor" value="Oracle Corporation"/>
    <property name="java.vm.version" value="25.201-b09"/>
    <property name="java.ext.dirs" value="C:\Program Files\Java\jdk1.8.0_201\jre\lib\ext;C:\WINDOWS\Sun\Java\lib\ext"/>
    <property name="sun.io.unicode.encoding" value="UnicodeLittle"/>
    <property name="java.class.version" value="52.0"/>
  </properties>
  <testcase name="contextClick" classname="com.pack.scripts.ContextClick" time="0.828">
    <failure message="The path to the driver executable must be set by the webdriver.chrome.driver system property; for more information, see https://github.com/SeleniumHQ/selenium/wiki/ChromeDriver. The latest version can be downloaded from http://chromedriver.storage.googleapis.com/index.html" type="java.lang.IllegalStateException">java.lang.IllegalStateException: The path to the driver executable must be set by the webdriver.chrome.driver system property; for more information, see https://github.com/SeleniumHQ/selenium/wiki/ChromeDriver. The latest version can be downloaded from http://chromedriver.storage.googleapis.com/index.html
	at com.pack.scripts.ContextClick.contextClick(ContextClick.java:25)
</failure>
    <system-err><![CDATA[SLF4J: Failed to load class "org.slf4j.impl.StaticLoggerBinder".
SLF4J: Defaulting to no-operation (NOP) logger implementation
SLF4J: See http://www.slf4j.org/codes.html#StaticLoggerBinder for further details.
]]></system-err>
  </testcase>
</testsuite>